./sizes
Slab Stats	64
Thread stats	-6480
Global stats	168
Settings	256
Item (no cas)	48
Item (cas)	56
Libevent thread	184
Connection	544
----------------------------------------
libevent thread cumulative	6504
Thread stats cumulative		6320
./testapp
1..52
ok 1 - cache_create
ok 2 - cache_constructor
ok 3 - cache_constructor_fail
ok 4 - cache_destructor
ok 5 - cache_reuse
ok 6 - cache_redzone
ok 7 - issue_161
ok 8 - strtol
ok 9 - strtoll
ok 10 - strtoul
ok 11 - strtoull
ok 12 - issue_44
ok 13 - vperror
ok 14 - issue_101
Signal handled: Terminated.
ok 15 - start_server
ok 16 - issue_92
ok 17 - issue_102
ok 18 - binary_noop
ok 19 - binary_quit
ok 20 - binary_quitq
ok 21 - binary_set
ok 22 - binary_setq
ok 23 - binary_add
ok 24 - binary_addq
ok 25 - binary_replace
ok 26 - binary_replaceq
ok 27 - binary_delete
ok 28 - binary_deleteq
ok 29 - binary_get
ok 30 - binary_getq
ok 31 - binary_getk
ok 32 - binary_getkq
ok 33 - binary_gat
ok 34 - binary_gatq
ok 35 - binary_gatk
ok 36 - binary_gatkq
ok 37 - binary_incr
ok 38 - binary_incrq
ok 39 - binary_decr
ok 40 - binary_decrq
ok 41 - binary_version
ok 42 - binary_flush
ok 43 - binary_flushq
ok 44 - binary_append
ok 45 - binary_appendq
ok 46 - binary_prepend
ok 47 - binary_prependq
ok 48 - binary_stat
ok 49 - binary_illegal
ok 50 - binary_pipeline_hickup
Signal handled: Interrupt.
ok 51 - shutdown
ok 52 - stop_server
getaddrinfo(): Temporary failure in name resolution
failed to listen on TCP port 43205: Resource temporarily unavailable
slab class   1: chunk size        96 perslab   10922
slab class   2: chunk size       120 perslab    8738
slab class   3: chunk size       152 perslab    6898
slab class   4: chunk size       192 perslab    5461
slab class   5: chunk size       240 perslab    4369
slab class   6: chunk size       304 perslab    3449
slab class   7: chunk size       384 perslab    2730
slab class   8: chunk size       480 perslab    2184
slab class   9: chunk size       600 perslab    1747
slab class  10: chunk size       752 perslab    1394
slab class  11: chunk size       944 perslab    1110
slab class  12: chunk size      1184 perslab     885
slab class  13: chunk size      1480 perslab     708
slab class  14: chunk size      1856 perslab     564
slab class  15: chunk size      2320 perslab     451
slab class  16: chunk size      2904 perslab     361
slab class  17: chunk size      3632 perslab     288
slab class  18: chunk size      4544 perslab     230
slab class  19: chunk size      5680 perslab     184
slab class  20: chunk size      7104 perslab     147
slab class  21: chunk size      8880 perslab     118
slab class  22: chunk size     11104 perslab      94
slab class  23: chunk size     13880 perslab      75
slab class  24: chunk size     17352 perslab      60
slab class  25: chunk size     21696 perslab      48
slab class  26: chunk size     27120 perslab      38
slab class  27: chunk size     33904 perslab      30
slab class  28: chunk size     42384 perslab      24
slab class  29: chunk size     52984 perslab      19
slab class  30: chunk size     66232 perslab      15
slab class  31: chunk size     82792 perslab      12
slab class  32: chunk size    103496 perslab      10
slab class  33: chunk size    129376 perslab       8
slab class  34: chunk size    161720 perslab       6
slab class  35: chunk size    202152 perslab       5
slab class  36: chunk size    252696 perslab       4
slab class  37: chunk size    315872 perslab       3
slab class  38: chunk size    394840 perslab       2
slab class  39: chunk size    524288 perslab       2
<26 server listening (auto-negotiate)
<27 new auto-negotiating client connection
<27 connection closed.
slab class   1: chunk size        96 perslab   10922
slab class   2: chunk size       120 perslab    8738
slab class   3: chunk size       152 perslab    6898
slab class   4: chunk size       192 perslab    5461
slab class   5: chunk size       240 perslab    4369
slab class   6: chunk size       304 perslab    3449
slab class   7: chunk size       384 perslab    2730
slab class   8: chunk size       480 perslab    2184
slab class   9: chunk size       600 perslab    1747
slab class  10: chunk size       752 perslab    1394
slab class  11: chunk size       944 perslab    1110
slab class  12: chunk size      1184 perslab     885
slab class  13: chunk size      1480 perslab     708
slab class  14: chunk size      1856 perslab     564
slab class  15: chunk size      2320 perslab     451
slab class  16: chunk size      2904 perslab     361
slab class  17: chunk size      3632 perslab     288
slab class  18: chunk size      4544 perslab     230
slab class  19: chunk size      5680 perslab     184
slab class  20: chunk size      7104 perslab     147
slab class  21: chunk size      8880 perslab     118
slab class  22: chunk size     11104 perslab      94
slab class  23: chunk size     13880 perslab      75
slab class  24: chunk size     17352 perslab      60
slab class  25: chunk size     21696 perslab      48
slab class  26: chunk size     27120 perslab      38
slab class  27: chunk size     33904 perslab      30
slab class  28: chunk size     42384 perslab      24
slab class  29: chunk size     52984 perslab      19
slab class  30: chunk size     66232 perslab      15
slab class  31: chunk size     82792 perslab      12
slab class  32: chunk size    103496 perslab      10
slab class  33: chunk size    129376 perslab       8
slab class  34: chunk size    161720 perslab       6
slab class  35: chunk size    202152 perslab       5
slab class  36: chunk size    252696 perslab       4
slab class  37: chunk size    315872 perslab       3
slab class  38: chunk size    394840 perslab       2
slab class  39: chunk size    524288 perslab       2
<26 server listening (ascii)
<27 new ascii client connection.
<27 connection closed.
slab class   1: chunk size        96 perslab   10922
slab class   2: chunk size       120 perslab    8738
slab class   3: chunk size       152 perslab    6898
slab class   4: chunk size       192 perslab    5461
slab class   5: chunk size       240 perslab    4369
slab class   6: chunk size       304 perslab    3449
slab class   7: chunk size       384 perslab    2730
slab class   8: chunk size       480 perslab    2184
slab class   9: chunk size       600 perslab    1747
slab class  10: chunk size       752 perslab    1394
slab class  11: chunk size       944 perslab    1110
slab class  12: chunk size      1184 perslab     885
slab class  13: chunk size      1480 perslab     708
slab class  14: chunk size      1856 perslab     564
slab class  15: chunk size      2320 perslab     451
slab class  16: chunk size      2904 perslab     361
slab class  17: chunk size      3632 perslab     288
slab class  18: chunk size      4544 perslab     230
slab class  19: chunk size      5680 perslab     184
slab class  20: chunk size      7104 perslab     147
slab class  21: chunk size      8880 perslab     118
slab class  22: chunk size     11104 perslab      94
slab class  23: chunk size     13880 perslab      75
slab class  24: chunk size     17352 perslab      60
slab class  25: chunk size     21696 perslab      48
slab class  26: chunk size     27120 perslab      38
slab class  27: chunk size     33904 perslab      30
slab class  28: chunk size     42384 perslab      24
slab class  29: chunk size     52984 perslab      19
slab class  30: chunk size     66232 perslab      15
slab class  31: chunk size     82792 perslab      12
slab class  32: chunk size    103496 perslab      10
slab class  33: chunk size    129376 perslab       8
slab class  34: chunk size    161720 perslab       6
slab class  35: chunk size    202152 perslab       5
slab class  36: chunk size    252696 perslab       4
slab class  37: chunk size    315872 perslab       3
slab class  38: chunk size    394840 perslab       2
slab class  39: chunk size    524288 perslab       2
<26 server listening (binary)
<27 new binary client connection.
<27 connection closed.
Invalid value for binding protocol: http
 -- should be one of auto, binary, or ascii
Maximum connections must be greater than 0
Maximum connections must be greater than 0
Number of threads must be greater than 0
t/00-startup.t .............. ok
t/64bit.t ................... ok
t/ascii-auth.t .............. ok
t/binary-extstore.t ......... skipped: extstore not enabled
t/binary-get.t .............. ok
This server is not built with SASL support.
t/binary-sasl.t ............. ok
t/binary.t .................. ok
t/bogus-commands.t .......... ok
t/cas.t ..................... ok
t/chunked-extstore.t ........ skipped: extstore not enabled
t/chunked-items.t ........... ok
t/daemonize.t ............... ok
t/dash-M.t .................. ok
t/dyn-maxbytes.t ............ ok
t/error-extstore.t .......... skipped: extstore not enabled
t/evictions.t ............... ok
t/expirations.t ............. ok
t/extstore-buckets.t ........ skipped: extstore not enabled
t/extstore-jbod.t ........... skipped: extstore not enabled
t/extstore.t ................ skipped: extstore not enabled
t/flags.t ................... ok
t/flush-all.t ............... ok
t/getandtouch.t ............. ok
t/getset.t .................. ok
t/idle-timeout.t ............ ok
t/incrdecr.t ................ ok
t/issue_104.t ............... ok
t/issue_108.t ............... ok
t/issue_14.t ................ ok
t/issue_140.t ............... skipped: Fix for Issue 140 was only an illusion
t/issue_152.t ............... ok
t/issue_163.t ............... ok
t/issue_183.t ............... ok
t/issue_192.t ............... ok
t/issue_22.t ................ ok
t/issue_260.t ............... skipped: Only possible to test #260 under artificial conditions
t/issue_29.t ................ ok
t/issue_3.t ................. ok
t/issue_41.t ................ ok
t/issue_42.t ................ ok
t/issue_50.t ................ ok
t/issue_61.t ................ ok
t/issue_67.t ................ ok
t/issue_68.t ................ ok
t/issue_70.t ................ ok
Item max size cannot be less than 1024 bytes.
Cannot set item size limit higher than 1/2 of memory max.
t/item_size_max.t ........... ok
t/line-lengths.t ............ ok
t/lru-crawler.t ............. ok
t/lru-maintainer.t .......... ok
t/lru.t ..................... ok
t/malicious-commands.t ...... ok
t/maxconns.t ................ ok
t/misbehave.t ............... skipped: Privilege drop not supported
t/multiversioning.t ......... ok
t/noreply.t ................. ok
t/quit.t .................... ok
t/refhang.t ................. skipped: Test is flaky. Needs special hooks.
t/slabhang.t ................ skipped: Test is flaky. Needs special hooks.
t/slabs-reassign-chunked.t .. ok
t/slabs-reassign2.t ......... ok
t/slabs_reassign.t .......... ok
t/ssl_cert_refresh.t ........ skipped: SSL testing is not enabled
t/ssl_ports.t ............... skipped: SSL testing is not enabled
t/ssl_settings.t ............ skipped: SSL testing is not enabled
t/ssl_verify_modes.t ........ skipped: SSL testing is not enabled
PORT: 33108
t/stats-conns.t ............. ok
t/stats-detail.t ............ ok
t/stats.t ................... ok
t/touch.t ................... ok
t/udp.t ..................... ok
t/unixsocket.t .............. ok
t/watcher.t ................. ok
fatal: not a git repository (or any of the parent directories): .git
t/whitespace.t .............. skipped: Skipping tests probably because you don't have git.
All tests successful.
Files=73, Tests=25872, 196 wallclock secs ( 4.19 usr  0.41 sys + 12.32 cusr  4.90 csys = 21.82 CPU)
Result: PASS
File 'assoc.c' Lines executed:46.51% of 129 Creating 'assoc.c.gcov' File '/usr/include/stdlib.h' Lines executed:0.00% of 1 Creating 'stdlib.h.gcov' File '/usr/include/x86_64-linux-gnu/bits/stdio2.h' Lines executed:0.00% of 1 Creating 'stdio2.h.gcov'
File 'authfile.c' Lines executed:86.96% of 46 Creating 'authfile.c.gcov' File '/usr/include/x86_64-linux-gnu/sys/stat.h' Lines executed:100.00% of 1 Creating 'stat.h.gcov' File '/usr/include/x86_64-linux-gnu/bits/stdio2.h' Lines executed:40.00% of 5 Creating 'stdio2.h.gcov' File '/usr/include/x86_64-linux-gnu/bits/string_fortified.h' Lines executed:100.00% of 1 Creating 'string_fortified.h.gcov'
File 'bipbuffer.c' Lines executed:80.00% of 65 Creating 'bipbuffer.c.gcov' File '/usr/include/x86_64-linux-gnu/bits/string_fortified.h' Lines executed:100.00% of 1 Creating 'string_fortified.h.gcov'
File 'cache.c' Lines executed:46.99% of 83 Creating 'cache.c.gcov' File '/usr/include/x86_64-linux-gnu/bits/string_fortified.h' Lines executed:100.00% of 1 Creating 'string_fortified.h.gcov'
File 'crawler.c' Lines executed:77.93% of 358 Creating 'crawler.c.gcov' File '/usr/include/x86_64-linux-gnu/bits/stdio2.h' Lines executed:50.00% of 2 Creating 'stdio2.h.gcov' File '/usr/include/x86_64-linux-gnu/bits/string_fortified.h' Lines executed:100.00% of 2 Creating 'string_fortified.h.gcov' File '/usr/include/x86_64-linux-gnu/bits/poll2.h' Lines executed:100.00% of 4 Creating 'poll2.h.gcov'
File 'daemon.c' Lines executed:52.00% of 25 Creating 'daemon.c.gcov' File '/usr/include/x86_64-linux-gnu/bits/fcntl2.h' Lines executed:100.00% of 4 Creating 'fcntl2.h.gcov'
File 'hash.c' Lines executed:100.00% of 10 Creating 'hash.c.gcov'
File 'items.c' Lines executed:86.75% of 1057 Creating 'items.c.gcov' File '/usr/include/x86_64-linux-gnu/bits/stdio2.h' Lines executed:50.00% of 2 Creating 'stdio2.h.gcov' File '/usr/include/x86_64-linux-gnu/bits/string_fortified.h' Lines executed:100.00% of 3 Creating 'string_fortified.h.gcov'
File 'itoa_ljust.c' Lines executed:76.92% of 52 Creating 'itoa_ljust.c.gcov' File '/usr/include/x86_64-linux-gnu/bits/string_fortified.h' Lines executed:100.00% of 1 Creating 'string_fortified.h.gcov'
File 'jenkins_hash.c' Lines executed:63.83% of 94 Creating 'jenkins_hash.c.gcov'
File 'logger.c' Lines executed:76.61% of 389 Creating 'logger.c.gcov' File '/usr/include/x86_64-linux-gnu/bits/stdio2.h' Lines executed:0.00% of 3 Creating 'stdio2.h.gcov' File '/usr/include/x86_64-linux-gnu/bits/string_fortified.h' Lines executed:100.00% of 2 Creating 'string_fortified.h.gcov' File '/usr/include/x86_64-linux-gnu/bits/poll2.h' Lines executed:50.00% of 6 Creating 'poll2.h.gcov'
File 'memcached.c' Lines executed:68.73% of 3985 Creating 'memcached.c.gcov' File '/usr/include/x86_64-linux-gnu/bits/stdio2.h' Lines executed:55.56% of 9 Creating 'stdio2.h.gcov' File '/usr/include/stdlib.h' Lines executed:100.00% of 1 Creating 'stdlib.h.gcov' File '/usr/include/x86_64-linux-gnu/bits/stdlib-float.h' Lines executed:0.00% of 1 Creating 'stdlib-float.h.gcov' File '/usr/include/x86_64-linux-gnu/sys/stat.h' Lines executed:50.00% of 2 Creating 'stat.h.gcov' File '/usr/include/x86_64-linux-gnu/bits/string_fortified.h' Lines executed:66.67% of 6 Creating 'string_fortified.h.gcov' File '/usr/include/x86_64-linux-gnu/bits/byteswap.h' Lines executed:100.00% of 2 Creating 'byteswap.h.gcov' File '/usr/include/x86_64-linux-gnu/bits/socket2.h' Lines executed:33.33% of 6 Creating 'socket2.h.gcov' File '/usr/include/x86_64-linux-gnu/bits/unistd.h' Lines executed:33.33% of 6 Creating 'unistd.h.gcov'
File 'murmur3_hash.c' Lines executed:100.00% of 34 Creating 'murmur3_hash.c.gcov'
File 'slab_automove.c' Lines executed:81.69% of 71 Creating 'slab_automove.c.gcov' File '/usr/include/x86_64-linux-gnu/bits/string_fortified.h' Lines executed:100.00% of 2 Creating 'string_fortified.h.gcov'
File 'slabs.c' Lines executed:72.25% of 681 Creating 'slabs.c.gcov' File '/usr/include/stdlib.h' Lines executed:50.00% of 2 Creating 'stdlib.h.gcov' File '/usr/include/x86_64-linux-gnu/bits/stdio2.h' Lines executed:33.33% of 6 Creating 'stdio2.h.gcov' File '/usr/include/x86_64-linux-gnu/bits/string_fortified.h' Lines executed:100.00% of 2 Creating 'string_fortified.h.gcov'
File 'stats.c' Lines executed:91.58% of 95 Creating 'stats.c.gcov' File '/usr/include/x86_64-linux-gnu/bits/stdio2.h' Lines executed:100.00% of 1 Creating 'stdio2.h.gcov' File '/usr/include/x86_64-linux-gnu/bits/string_fortified.h' Lines executed:100.00% of 2 Creating 'string_fortified.h.gcov'
File 'thread.c' Lines executed:74.05% of 393 Creating 'thread.c.gcov' File '/usr/include/x86_64-linux-gnu/bits/stdio2.h' Lines executed:0.00% of 1 Creating 'stdio2.h.gcov' File '/usr/include/x86_64-linux-gnu/bits/string_fortified.h' Lines executed:100.00% of 1 Creating 'string_fortified.h.gcov' File '/usr/include/x86_64-linux-gnu/bits/unistd.h' Lines executed:100.00% of 4 Creating 'unistd.h.gcov'
File 'util.c' Lines executed:77.78% of 99 Creating 'util.c.gcov' File '/usr/include/x86_64-linux-gnu/bits/stdio2.h' Lines executed:100.00% of 2 Creating 'stdio2.h.gcov' File '/usr/include/x86_64-linux-gnu/bits/string_fortified.h' Lines executed:100.00% of 1 Creating 'string_fortified.h.gcov'
